<?xml version="1.0" encoding="UTF-8"?>
<!-- Generated by org.testng.reporters.JUnitXMLReporter -->
<testsuite hostname="DESKTOP-8V9ACPV" ignored="0" name="Default test" tests="4" failures="0" timestamp="22 Dec 2018 10:44:14 GMT" time="39.727" errors="0">
  <testcase name="login" time="3.009" classname="testcases.TC001_LoginAndLogout2"/>
  <testcase name="login" time="2.35" classname="testcases.TC001_LoginAndLogout2"/>
  <testcase name="login" time="2.682" classname="testcases.TC001_LoginAndLogout2"/>
  <testcase name="login" time="2.553" classname="testcases.TC001_LoginAndLogout2"/>
</testsuite> <!-- Default test -->
