<?xml version="1.0" encoding="UTF-8"?>
<!-- Generated by org.testng.reporters.JUnitXMLReporter -->
<testsuite hostname="LAPTOP-J4IUAAN6" ignored="0" name="Test" tests="2" failures="0" timestamp="30 Dec 2018 10:16:14 GMT" time="31.836" errors="0">
  <testcase name="@BeforeMethod beforeMethod" time="23.967" classname="wdMethods.ProjectMethods">
    <failure type="java.lang.NullPointerException">
      <![CDATA[java.lang.NullPointerException
	at wdMethods.SeMethods.takeSnap(SeMethods.java:326)
	at utils.Reporter.reportStep(Reporter.java:49)
	at utils.Reporter.reportStep(Reporter.java:70)
	at wdMethods.SeMethods.startApp(SeMethods.java:48)
	at wdMethods.ProjectMethods.beforeMethod(ProjectMethods.java:32)
... Removed 27 stack frames]]>
    </failure>
  </testcase> <!-- @BeforeMethod beforeMethod -->
  <testcase name="@BeforeMethod beforeMethod" time="0.0" classname="wdMethods.ProjectMethods">
    <skipped/>
  </testcase> <!-- @BeforeMethod beforeMethod -->
  <testcase name="@AfterTest afterTest" time="0.0" classname="wdMethods.ProjectMethods">
    <skipped/>
  </testcase> <!-- @AfterTest afterTest -->
  <testcase name="login" time="0.125" classname="testcases.TC001_LoginAndLogout">
    <skipped/>
  </testcase> <!-- login -->
  <testcase name="login" time="0.0" classname="testcases.TC001_LoginAndLogout">
    <skipped/>
  </testcase> <!-- login -->
</testsuite> <!-- Test -->
